<?xml version="1.0" encoding="UTF-8"?>
<!-- Generated by org.testng.reporters.JUnitReportReporter -->
<testsuite skipped="0" hostname="DESKTOP-4L9C8KC" name="academy.HomePage" tests="2" failures="0" timestamp="22 Feb 2019 03:58:34 GMT" time="17.708" errors="0">
  <testcase name="basePageNavigation" time="12.224" classname="academy.HomePage"/>
  <testcase name="basePageNavigation" time="5.484" classname="academy.HomePage"/>
</testsuite> <!-- academy.HomePage -->
