<?xml version="1.0" encoding="UTF-8"?>
<!-- Generated by org.testng.reporters.JUnitReportReporter -->
<testsuite skipped="0" hostname="DESKTOP-4L9C8KC" name="cucumberOptions.TestRunner" tests="2" failures="0" timestamp="16 Mar 2019 02:14:35 GMT" time="67.075" errors="0">
  <testcase name="runScenario" time="37.890" classname="cucumberOptions.TestRunner"/>
  <testcase name="runScenario" time="29.185" classname="cucumberOptions.TestRunner"/>
</testsuite> <!-- cucumberOptions.TestRunner -->
