<?xml version="1.0" encoding="UTF-8"?>
<!-- Generated by org.testng.reporters.JUnitReportReporter -->
<testsuite skipped="0" hostname="DESKTOP-4L9C8KC" name="academy.ValidateNavBar" tests="1" failures="0" timestamp="22 Feb 2019 03:58:34 GMT" time="0.053" errors="0">
  <testcase name="validateNavBar" time="0.053" classname="academy.ValidateNavBar"/>
</testsuite> <!-- academy.ValidateNavBar -->
