<?xml version="1.0" encoding="UTF-8"?>
<!-- Generated by org.testng.reporters.JUnitReportReporter -->
<testsuite skipped="0" hostname="DESKTOP-4L9C8KC" name="academy.ValidateNavBar" tests="1" failures="0" timestamp="15 Feb 2019 21:59:54 GMT" time="0.079" errors="0">
  <testcase name="validateNavBar" time="0.079" classname="academy.ValidateNavBar"/>
</testsuite> <!-- academy.ValidateNavBar -->
