<?xml version="1.0" encoding="UTF-8"?>
<!-- Generated by org.testng.reporters.JUnitReportReporter -->
<testsuite skipped="0" hostname="DESKTOP-4L9C8KC" name="cucumberOptions.TestRunner" tests="2" failures="0" timestamp="16 Mar 2019 03:03:01 GMT" time="54.833" errors="0">
  <testcase name="runScenario" time="22.078" classname="cucumberOptions.TestRunner"/>
  <testcase name="runScenario" time="32.755" classname="cucumberOptions.TestRunner"/>
</testsuite> <!-- cucumberOptions.TestRunner -->
