<?xml version="1.0" encoding="UTF-8"?>
<!-- Generated by org.testng.reporters.JUnitReportReporter -->
<testsuite skipped="0" hostname="DESKTOP-4L9C8KC" name="academy.HomePage" tests="2" failures="0" timestamp="15 Feb 2019 21:59:54 GMT" time="18.378" errors="0">
  <testcase name="basePageNavigation" time="12.436" classname="academy.HomePage"/>
  <testcase name="basePageNavigation" time="5.942" classname="academy.HomePage"/>
</testsuite> <!-- academy.HomePage -->
